02/12/2017 18:29:52 INFO     Demarrage de BlindFTP
02/12/2017 18:29:52 INFO     Synchronisation du repertoire "/home/transmitter/Desktop/transmit/"
02/12/2017 18:30:17 INFO     Envoi du fichier /home/transmitter/Desktop/transmit//georgesrusu;pbkdf2_sha256$36000$hXkTRw201AzS$KaosGALfGaDrBmTMiPPNYj5feG/kPl+BWR+d+zpR5Bs=;True/2:12:2017;BlindFTP_documentation_FRfzefezfze.pdf...
02/12/2017 18:30:22 INFO     Envoi du fichier /home/transmitter/Desktop/transmit//georgesrusu;pbkdf2_sha256$36000$hXkTRw201AzS$KaosGALfGaDrBmTMiPPNYj5feG/kPl+BWR+d+zpR5Bs=;True/2:12:2017;BlindFTP_documentation_FRfzefezfze.pdf...
02/12/2017 18:30:27 INFO     Envoi du fichier /home/transmitter/Desktop/transmit//georgesrusu;pbkdf2_sha256$36000$hXkTRw201AzS$KaosGALfGaDrBmTMiPPNYj5feG/kPl+BWR+d+zpR5Bs=;True/2:12:2017;BlindFTP_documentation_FRfzefezfze.pdf...
02/12/2017 18:30:32 INFO     Envoi du fichier /home/transmitter/Desktop/transmit//georgesrusu;pbkdf2_sha256$36000$hXkTRw201AzS$KaosGALfGaDrBmTMiPPNYj5feG/kPl+BWR+d+zpR5Bs=;True/2:12:2017;BlindFTP_documentation_FRfzefezfze.pdf...
02/12/2017 18:30:37 INFO     Envoi du fichier /home/transmitter/Desktop/transmit//georgesrusu;pbkdf2_sha256$36000$hXkTRw201AzS$KaosGALfGaDrBmTMiPPNYj5feG/kPl+BWR+d+zpR5Bs=;True/2:12:2017;BlindFTP_documentation_FRfzefezfze.pdf...
02/12/2017 19:11:42 INFO     Demarrage de BlindFTP
02/12/2017 19:11:42 INFO     Synchronisation du repertoire "/home/transmitter/Desktop/transmit/"
02/12/2017 19:11:42 INFO     Envoi du fichier /home/transmitter/Desktop/transmit//ilias;pbkdf2_sha256$36000$zIxQSfb24JMb$H2bbWHjoBdKEowFSIrOBMIMJbEPFkDbQ0zCALp8k76o=;False/2:12:2017;2_risk_analysis_countermeasures.pdf...
02/12/2017 19:11:47 INFO     Envoi du fichier /home/transmitter/Desktop/transmit//ilias;pbkdf2_sha256$36000$zIxQSfb24JMb$H2bbWHjoBdKEowFSIrOBMIMJbEPFkDbQ0zCALp8k76o=;False/2:12:2017;2_risk_analysis_countermeasures.pdf...
02/12/2017 19:11:52 INFO     Envoi du fichier /home/transmitter/Desktop/transmit//ilias;pbkdf2_sha256$36000$zIxQSfb24JMb$H2bbWHjoBdKEowFSIrOBMIMJbEPFkDbQ0zCALp8k76o=;False/2:12:2017;2_risk_analysis_countermeasures.pdf...
02/12/2017 19:11:57 INFO     Envoi du fichier /home/transmitter/Desktop/transmit//ilias;pbkdf2_sha256$36000$zIxQSfb24JMb$H2bbWHjoBdKEowFSIrOBMIMJbEPFkDbQ0zCALp8k76o=;False/2:12:2017;2_risk_analysis_countermeasures.pdf...
02/12/2017 19:12:02 INFO     Envoi du fichier /home/transmitter/Desktop/transmit//ilias;pbkdf2_sha256$36000$zIxQSfb24JMb$H2bbWHjoBdKEowFSIrOBMIMJbEPFkDbQ0zCALp8k76o=;False/2:12:2017;2_risk_analysis_countermeasures.pdf...
02/12/2017 19:15:00 INFO     Demarrage de BlindFTP
02/12/2017 19:15:01 INFO     Synchronisation du repertoire "/home/transmitter/Desktop/transmit/"
02/12/2017 19:15:01 INFO     Envoi du fichier /home/transmitter/Desktop/transmit//ilias;pbkdf2_sha256$36000$zIxQSfb24JMb$H2bbWHjoBdKEowFSIrOBMIMJbEPFkDbQ0zCALp8k76o=;False/2:12:2017;2_risk_analysis_countermeasures.pdf...
02/12/2017 19:15:06 INFO     Envoi du fichier /home/transmitter/Desktop/transmit//ilias;pbkdf2_sha256$36000$zIxQSfb24JMb$H2bbWHjoBdKEowFSIrOBMIMJbEPFkDbQ0zCALp8k76o=;False/2:12:2017;2_risk_analysis_countermeasures.pdf...
02/12/2017 19:15:11 INFO     Envoi du fichier /home/transmitter/Desktop/transmit//ilias;pbkdf2_sha256$36000$zIxQSfb24JMb$H2bbWHjoBdKEowFSIrOBMIMJbEPFkDbQ0zCALp8k76o=;False/2:12:2017;2_risk_analysis_countermeasures.pdf...
02/12/2017 19:15:16 INFO     Envoi du fichier /home/transmitter/Desktop/transmit//ilias;pbkdf2_sha256$36000$zIxQSfb24JMb$H2bbWHjoBdKEowFSIrOBMIMJbEPFkDbQ0zCALp8k76o=;False/2:12:2017;2_risk_analysis_countermeasures.pdf...
02/12/2017 19:15:21 INFO     Envoi du fichier /home/transmitter/Desktop/transmit//ilias;pbkdf2_sha256$36000$zIxQSfb24JMb$H2bbWHjoBdKEowFSIrOBMIMJbEPFkDbQ0zCALp8k76o=;False/2:12:2017;2_risk_analysis_countermeasures.pdf...
02/12/2017 19:15:49 INFO     Demarrage de BlindFTP
02/12/2017 19:15:49 INFO     Synchronisation du repertoire "/home/transmitter/Desktop/transmit/"
02/12/2017 19:15:49 INFO     Envoi du fichier /home/transmitter/Desktop/transmit//ilias;pbkdf2_sha256$36000$zIxQSfb24JMb$H2bbWHjoBdKEowFSIrOBMIMJbEPFkDbQ0zCALp8k76o=;False/2:12:2017;2_risk_analysis_countermeasures.pdf...
02/12/2017 19:15:54 INFO     Envoi du fichier /home/transmitter/Desktop/transmit//ilias;pbkdf2_sha256$36000$zIxQSfb24JMb$H2bbWHjoBdKEowFSIrOBMIMJbEPFkDbQ0zCALp8k76o=;False/2:12:2017;2_risk_analysis_countermeasures.pdf...
02/12/2017 19:15:59 INFO     Envoi du fichier /home/transmitter/Desktop/transmit//ilias;pbkdf2_sha256$36000$zIxQSfb24JMb$H2bbWHjoBdKEowFSIrOBMIMJbEPFkDbQ0zCALp8k76o=;False/2:12:2017;2_risk_analysis_countermeasures.pdf...
02/12/2017 19:16:04 INFO     Envoi du fichier /home/transmitter/Desktop/transmit//ilias;pbkdf2_sha256$36000$zIxQSfb24JMb$H2bbWHjoBdKEowFSIrOBMIMJbEPFkDbQ0zCALp8k76o=;False/2:12:2017;2_risk_analysis_countermeasures.pdf...
02/12/2017 19:16:09 INFO     Envoi du fichier /home/transmitter/Desktop/transmit//ilias;pbkdf2_sha256$36000$zIxQSfb24JMb$H2bbWHjoBdKEowFSIrOBMIMJbEPFkDbQ0zCALp8k76o=;False/2:12:2017;2_risk_analysis_countermeasures.pdf...
02/12/2017 19:17:01 INFO     Demarrage de BlindFTP
02/12/2017 19:17:01 INFO     Synchronisation du repertoire "/home/transmitter/Desktop/transmit/"
02/12/2017 19:17:01 INFO     Envoi du fichier /home/transmitter/Desktop/transmit//ilias;pbkdf2_sha256$36000$zIxQSfb24JMb$H2bbWHjoBdKEowFSIrOBMIMJbEPFkDbQ0zCALp8k76o=;False/2:12:2017;2_risk_analysis_countermeasures.pdf...
02/12/2017 19:17:06 INFO     Envoi du fichier /home/transmitter/Desktop/transmit//ilias;pbkdf2_sha256$36000$zIxQSfb24JMb$H2bbWHjoBdKEowFSIrOBMIMJbEPFkDbQ0zCALp8k76o=;False/2:12:2017;2_risk_analysis_countermeasures.pdf...
02/12/2017 19:17:11 INFO     Envoi du fichier /home/transmitter/Desktop/transmit//ilias;pbkdf2_sha256$36000$zIxQSfb24JMb$H2bbWHjoBdKEowFSIrOBMIMJbEPFkDbQ0zCALp8k76o=;False/2:12:2017;2_risk_analysis_countermeasures.pdf...
02/12/2017 19:17:16 INFO     Envoi du fichier /home/transmitter/Desktop/transmit//ilias;pbkdf2_sha256$36000$zIxQSfb24JMb$H2bbWHjoBdKEowFSIrOBMIMJbEPFkDbQ0zCALp8k76o=;False/2:12:2017;2_risk_analysis_countermeasures.pdf...
02/12/2017 19:17:21 INFO     Envoi du fichier /home/transmitter/Desktop/transmit//ilias;pbkdf2_sha256$36000$zIxQSfb24JMb$H2bbWHjoBdKEowFSIrOBMIMJbEPFkDbQ0zCALp8k76o=;False/2:12:2017;2_risk_analysis_countermeasures.pdf...
02/12/2017 19:18:47 INFO     Demarrage de BlindFTP
02/12/2017 19:18:47 INFO     Synchronisation du repertoire "/home/transmitter/Desktop/transmit/"
02/12/2017 19:18:47 INFO     Envoi du fichier /home/transmitter/Desktop/transmit//ilias;pbkdf2_sha256$36000$zIxQSfb24JMb$H2bbWHjoBdKEowFSIrOBMIMJbEPFkDbQ0zCALp8k76o=;False/2:12:2017;2_risk_analysis_countermeasures.pdf...
02/12/2017 19:18:52 INFO     Envoi du fichier /home/transmitter/Desktop/transmit//ilias;pbkdf2_sha256$36000$zIxQSfb24JMb$H2bbWHjoBdKEowFSIrOBMIMJbEPFkDbQ0zCALp8k76o=;False/2:12:2017;2_risk_analysis_countermeasures.pdf...
02/12/2017 19:18:57 INFO     Envoi du fichier /home/transmitter/Desktop/transmit//ilias;pbkdf2_sha256$36000$zIxQSfb24JMb$H2bbWHjoBdKEowFSIrOBMIMJbEPFkDbQ0zCALp8k76o=;False/2:12:2017;2_risk_analysis_countermeasures.pdf...
02/12/2017 19:19:53 INFO     Demarrage de BlindFTP
02/12/2017 19:19:53 INFO     Synchronisation du repertoire "/home/transmitter/Desktop/transmit/"
02/12/2017 19:19:53 INFO     Envoi du fichier /home/transmitter/Desktop/transmit//ilias;pbkdf2_sha256$36000$zIxQSfb24JMb$H2bbWHjoBdKEowFSIrOBMIMJbEPFkDbQ0zCALp8k76o=;False/2:12:2017;2_risk_analysis_countermeasures.pdf...
02/12/2017 19:19:58 INFO     Envoi du fichier /home/transmitter/Desktop/transmit//ilias;pbkdf2_sha256$36000$zIxQSfb24JMb$H2bbWHjoBdKEowFSIrOBMIMJbEPFkDbQ0zCALp8k76o=;False/2:12:2017;2_risk_analysis_countermeasures.pdf...
02/12/2017 19:25:33 INFO     Demarrage de BlindFTP
02/12/2017 19:25:33 INFO     Synchronisation du repertoire "/home/transmitter/Desktop/transmit/"
02/12/2017 19:25:43 INFO     Envoi du fichier /home/transmitter/Desktop/transmit//georgesrusu;pbkdf2_sha256$36000$BIyUZOHBYKig$LD0f6P9/crtXEjibiQUxl9yOYsSxye2iSqQ0TZuGGPw=;True/2:12:2017;2_risk_analysis_countermeasures.pdf...
02/12/2017 19:25:48 INFO     Envoi du fichier /home/transmitter/Desktop/transmit//georgesrusu;pbkdf2_sha256$36000$BIyUZOHBYKig$LD0f6P9/crtXEjibiQUxl9yOYsSxye2iSqQ0TZuGGPw=;True/2:12:2017;2_risk_analysis_countermeasures.pdf...
02/12/2017 19:25:53 INFO     Envoi du fichier /home/transmitter/Desktop/transmit//georgesrusu;pbkdf2_sha256$36000$BIyUZOHBYKig$LD0f6P9/crtXEjibiQUxl9yOYsSxye2iSqQ0TZuGGPw=;True/2:12:2017;2_risk_analysis_countermeasures.pdf...
02/12/2017 19:25:58 INFO     Envoi du fichier /home/transmitter/Desktop/transmit//georgesrusu;pbkdf2_sha256$36000$BIyUZOHBYKig$LD0f6P9/crtXEjibiQUxl9yOYsSxye2iSqQ0TZuGGPw=;True/2:12:2017;2_risk_analysis_countermeasures.pdf...
02/12/2017 19:26:03 INFO     Envoi du fichier /home/transmitter/Desktop/transmit//georgesrusu;pbkdf2_sha256$36000$BIyUZOHBYKig$LD0f6P9/crtXEjibiQUxl9yOYsSxye2iSqQ0TZuGGPw=;True/2:12:2017;2_risk_analysis_countermeasures.pdf...
02/12/2017 19:26:08 INFO     Envoi du fichier /home/transmitter/Desktop/transmit//ilias;pbkdf2_sha256$36000$AKAoECOQiY5S$JYdfs8lg5U/ivdr62fsDCw0DF9PXSef/rlOVKSfoMx0=;False/2:12:2017;Report.pdf...
02/12/2017 19:26:13 INFO     Envoi du fichier /home/transmitter/Desktop/transmit//ilias;pbkdf2_sha256$36000$AKAoECOQiY5S$JYdfs8lg5U/ivdr62fsDCw0DF9PXSef/rlOVKSfoMx0=;False/2:12:2017;Report.pdf...
02/12/2017 19:26:18 INFO     Envoi du fichier /home/transmitter/Desktop/transmit//ilias;pbkdf2_sha256$36000$AKAoECOQiY5S$JYdfs8lg5U/ivdr62fsDCw0DF9PXSef/rlOVKSfoMx0=;False/2:12:2017;Report.pdf...
02/12/2017 19:26:23 INFO     Envoi du fichier /home/transmitter/Desktop/transmit//ilias;pbkdf2_sha256$36000$AKAoECOQiY5S$JYdfs8lg5U/ivdr62fsDCw0DF9PXSef/rlOVKSfoMx0=;False/2:12:2017;Report.pdf...
02/12/2017 19:26:28 INFO     Envoi du fichier /home/transmitter/Desktop/transmit//ilias;pbkdf2_sha256$36000$AKAoECOQiY5S$JYdfs8lg5U/ivdr62fsDCw0DF9PXSef/rlOVKSfoMx0=;False/2:12:2017;Report.pdf...
02/12/2017 19:36:10 INFO     Demarrage de BlindFTP
02/12/2017 19:36:10 INFO     Synchronisation du repertoire "/home/transmitter/Desktop/transmit/"
02/12/2017 19:36:10 INFO     Envoi du fichier /home/transmitter/Desktop/transmit//georgesrusu;pbkdf2_sha256$36000$2L2c4LyTGrtn$wyF8eySFTsSpLLJ:YQr8HSPPxq0OtD4vFqSBxtf8APE=;True/2:12:2017;test.txt...
02/12/2017 19:36:15 INFO     Envoi du fichier /home/transmitter/Desktop/transmit//georgesrusu;pbkdf2_sha256$36000$2L2c4LyTGrtn$wyF8eySFTsSpLLJ:YQr8HSPPxq0OtD4vFqSBxtf8APE=;True/2:12:2017;test.txt...
02/12/2017 19:36:20 INFO     Envoi du fichier /home/transmitter/Desktop/transmit//georgesrusu;pbkdf2_sha256$36000$2L2c4LyTGrtn$wyF8eySFTsSpLLJ:YQr8HSPPxq0OtD4vFqSBxtf8APE=;True/2:12:2017;test.txt...
02/12/2017 19:36:25 INFO     Envoi du fichier /home/transmitter/Desktop/transmit//georgesrusu;pbkdf2_sha256$36000$2L2c4LyTGrtn$wyF8eySFTsSpLLJ:YQr8HSPPxq0OtD4vFqSBxtf8APE=;True/2:12:2017;test.txt...
02/12/2017 19:36:30 INFO     Envoi du fichier /home/transmitter/Desktop/transmit//georgesrusu;pbkdf2_sha256$36000$2L2c4LyTGrtn$wyF8eySFTsSpLLJ:YQr8HSPPxq0OtD4vFqSBxtf8APE=;True/2:12:2017;test.txt...
02/12/2017 19:42:18 INFO     Demarrage de BlindFTP
02/12/2017 19:42:18 INFO     Synchronisation du repertoire "/home/transmitter/Desktop/transmit/"
02/12/2017 19:44:48 INFO     Demarrage de BlindFTP
02/12/2017 19:44:48 INFO     Synchronisation du repertoire "/home/transmitter/Desktop/transmit/"
02/12/2017 19:44:48 INFO     Envoi du fichier /home/transmitter/Desktop/transmit//georgesrusu;pbkdf2_sha256$36000$2L2c4LyTGrtn$wyF8eySFTsSpLLJ:YQr8HSPPxq0OtD4vFqSBxtf8APE=;True/2:12:2017;2_risk_analysis_countermeasures.pdf...
02/12/2017 19:44:48 INFO     Envoi du fichier /home/transmitter/Desktop/transmit//georgesrusu;pbkdf2_sha256$36000$2L2c4LyTGrtn$wyF8eySFTsSpLLJ:YQr8HSPPxq0OtD4vFqSBxtf8APE=;True/2:12:2017;Part1.zip...
02/12/2017 19:44:53 INFO     Envoi du fichier /home/transmitter/Desktop/transmit//georgesrusu;pbkdf2_sha256$36000$2L2c4LyTGrtn$wyF8eySFTsSpLLJ:YQr8HSPPxq0OtD4vFqSBxtf8APE=;True/2:12:2017;2_risk_analysis_countermeasures.pdf...
02/12/2017 19:44:53 INFO     Envoi du fichier /home/transmitter/Desktop/transmit//georgesrusu;pbkdf2_sha256$36000$2L2c4LyTGrtn$wyF8eySFTsSpLLJ:YQr8HSPPxq0OtD4vFqSBxtf8APE=;True/2:12:2017;Part1.zip...
02/12/2017 19:44:58 INFO     Envoi du fichier /home/transmitter/Desktop/transmit//georgesrusu;pbkdf2_sha256$36000$2L2c4LyTGrtn$wyF8eySFTsSpLLJ:YQr8HSPPxq0OtD4vFqSBxtf8APE=;True/2:12:2017;2_risk_analysis_countermeasures.pdf...
02/12/2017 19:44:58 INFO     Envoi du fichier /home/transmitter/Desktop/transmit//georgesrusu;pbkdf2_sha256$36000$2L2c4LyTGrtn$wyF8eySFTsSpLLJ:YQr8HSPPxq0OtD4vFqSBxtf8APE=;True/2:12:2017;Part1.zip...
02/12/2017 19:45:03 INFO     Envoi du fichier /home/transmitter/Desktop/transmit//georgesrusu;pbkdf2_sha256$36000$2L2c4LyTGrtn$wyF8eySFTsSpLLJ:YQr8HSPPxq0OtD4vFqSBxtf8APE=;True/2:12:2017;2_risk_analysis_countermeasures.pdf...
02/12/2017 19:45:03 INFO     Envoi du fichier /home/transmitter/Desktop/transmit//georgesrusu;pbkdf2_sha256$36000$2L2c4LyTGrtn$wyF8eySFTsSpLLJ:YQr8HSPPxq0OtD4vFqSBxtf8APE=;True/2:12:2017;Part1.zip...
02/12/2017 19:45:08 INFO     Envoi du fichier /home/transmitter/Desktop/transmit//georgesrusu;pbkdf2_sha256$36000$2L2c4LyTGrtn$wyF8eySFTsSpLLJ:YQr8HSPPxq0OtD4vFqSBxtf8APE=;True/2:12:2017;2_risk_analysis_countermeasures.pdf...
02/12/2017 19:45:08 INFO     Envoi du fichier /home/transmitter/Desktop/transmit//georgesrusu;pbkdf2_sha256$36000$2L2c4LyTGrtn$wyF8eySFTsSpLLJ:YQr8HSPPxq0OtD4vFqSBxtf8APE=;True/2:12:2017;Part1.zip...
02/12/2017 19:45:48 INFO     Envoi du fichier /home/transmitter/Desktop/transmit//ilias;pbkdf2_sha256$36000$AawGq7RTL922$o3VwJ:JZXQ7UoDZZXFutBk01VBT3Y6uRFfyh6ojcDeU=;False/2:12:2017;Report.pdf...
02/12/2017 19:45:53 INFO     Envoi du fichier /home/transmitter/Desktop/transmit//ilias;pbkdf2_sha256$36000$AawGq7RTL922$o3VwJ:JZXQ7UoDZZXFutBk01VBT3Y6uRFfyh6ojcDeU=;False/2:12:2017;Report.pdf...
02/12/2017 19:45:58 INFO     Envoi du fichier /home/transmitter/Desktop/transmit//ilias;pbkdf2_sha256$36000$AawGq7RTL922$o3VwJ:JZXQ7UoDZZXFutBk01VBT3Y6uRFfyh6ojcDeU=;False/2:12:2017;BlindFTP_0.37.zip...
02/12/2017 19:45:58 INFO     Envoi du fichier /home/transmitter/Desktop/transmit//ilias;pbkdf2_sha256$36000$AawGq7RTL922$o3VwJ:JZXQ7UoDZZXFutBk01VBT3Y6uRFfyh6ojcDeU=;False/2:12:2017;Report.pdf...
02/12/2017 19:46:03 INFO     Envoi du fichier /home/transmitter/Desktop/transmit//ilias;pbkdf2_sha256$36000$AawGq7RTL922$o3VwJ:JZXQ7UoDZZXFutBk01VBT3Y6uRFfyh6ojcDeU=;False/2:12:2017;BlindFTP_0.37.zip...
02/12/2017 19:46:03 INFO     Envoi du fichier /home/transmitter/Desktop/transmit//ilias;pbkdf2_sha256$36000$AawGq7RTL922$o3VwJ:JZXQ7UoDZZXFutBk01VBT3Y6uRFfyh6ojcDeU=;False/2:12:2017;Report.pdf...
02/12/2017 19:46:08 INFO     Envoi du fichier /home/transmitter/Desktop/transmit//ilias;pbkdf2_sha256$36000$AawGq7RTL922$o3VwJ:JZXQ7UoDZZXFutBk01VBT3Y6uRFfyh6ojcDeU=;False/2:12:2017;BlindFTP_0.37.zip...
02/12/2017 19:46:08 INFO     Envoi du fichier /home/transmitter/Desktop/transmit//ilias;pbkdf2_sha256$36000$AawGq7RTL922$o3VwJ:JZXQ7UoDZZXFutBk01VBT3Y6uRFfyh6ojcDeU=;False/2:12:2017;Report.pdf...
02/12/2017 19:46:13 INFO     Envoi du fichier /home/transmitter/Desktop/transmit//ilias;pbkdf2_sha256$36000$AawGq7RTL922$o3VwJ:JZXQ7UoDZZXFutBk01VBT3Y6uRFfyh6ojcDeU=;False/2:12:2017;BlindFTP_0.37.zip...
02/12/2017 19:46:18 INFO     Envoi du fichier /home/transmitter/Desktop/transmit//ilias;pbkdf2_sha256$36000$AawGq7RTL922$o3VwJ:JZXQ7UoDZZXFutBk01VBT3Y6uRFfyh6ojcDeU=;False/2:12:2017;BlindFTP_0.37.zip...
02/12/2017 19:46:43 INFO     Envoi du fichier /home/transmitter/Desktop/transmit//ilias;pbkdf2_sha256$36000$AawGq7RTL922$o3VwJ:JZXQ7UoDZZXFutBk01VBT3Y6uRFfyh6ojcDeU=;False/2:12:2017;BlindFTP_documentation_FRfzefezfze.pdf...
02/12/2017 19:46:48 INFO     Envoi du fichier /home/transmitter/Desktop/transmit//ilias;pbkdf2_sha256$36000$AawGq7RTL922$o3VwJ:JZXQ7UoDZZXFutBk01VBT3Y6uRFfyh6ojcDeU=;False/2:12:2017;BlindFTP_documentation_FRfzefezfze.pdf...
02/12/2017 19:46:53 INFO     Envoi du fichier /home/transmitter/Desktop/transmit//ilias;pbkdf2_sha256$36000$AawGq7RTL922$o3VwJ:JZXQ7UoDZZXFutBk01VBT3Y6uRFfyh6ojcDeU=;False/2:12:2017;BlindFTP_documentation_FRfzefezfze.pdf...
02/12/2017 19:46:58 INFO     Envoi du fichier /home/transmitter/Desktop/transmit//ilias;pbkdf2_sha256$36000$AawGq7RTL922$o3VwJ:JZXQ7UoDZZXFutBk01VBT3Y6uRFfyh6ojcDeU=;False/2:12:2017;BlindFTP_documentation_FRfzefezfze.pdf...
02/12/2017 19:47:03 INFO     Envoi du fichier /home/transmitter/Desktop/transmit//ilias;pbkdf2_sha256$36000$AawGq7RTL922$o3VwJ:JZXQ7UoDZZXFutBk01VBT3Y6uRFfyh6ojcDeU=;False/2:12:2017;BlindFTP_documentation_FRfzefezfze.pdf...
02/12/2017 19:47:53 INFO     Envoi du fichier /home/transmitter/Desktop/transmit//ilias;pbkdf2_sha256$36000$AawGq7RTL922$o3VwJ:JZXQ7UoDZZXFutBk01VBT3Y6uRFfyh6ojcDeU=;False/2:12:2017;BlindFTP_documentation_FRfzefezfze.pdf...
02/12/2017 19:47:58 INFO     Envoi du fichier /home/transmitter/Desktop/transmit//ilias;pbkdf2_sha256$36000$AawGq7RTL922$o3VwJ:JZXQ7UoDZZXFutBk01VBT3Y6uRFfyh6ojcDeU=;False/2:12:2017;BlindFTP_documentation_FRfzefezfze.pdf...
02/12/2017 19:48:03 INFO     Envoi du fichier /home/transmitter/Desktop/transmit//ilias;pbkdf2_sha256$36000$AawGq7RTL922$o3VwJ:JZXQ7UoDZZXFutBk01VBT3Y6uRFfyh6ojcDeU=;False/2:12:2017;BlindFTP_documentation_FRfzefezfze.pdf...
02/12/2017 19:48:08 INFO     Envoi du fichier /home/transmitter/Desktop/transmit//ilias;pbkdf2_sha256$36000$AawGq7RTL922$o3VwJ:JZXQ7UoDZZXFutBk01VBT3Y6uRFfyh6ojcDeU=;False/2:12:2017;BlindFTP_documentation_FRfzefezfze.pdf...
02/12/2017 19:48:13 INFO     Envoi du fichier /home/transmitter/Desktop/transmit//ilias;pbkdf2_sha256$36000$AawGq7RTL922$o3VwJ:JZXQ7UoDZZXFutBk01VBT3Y6uRFfyh6ojcDeU=;False/2:12:2017;BlindFTP_documentation_FRfzefezfze.pdf...
02/12/2017 19:50:29 INFO     Envoi du fichier /home/transmitter/Desktop/transmit//ilias;pbkdf2_sha256$36000$AawGq7RTL922$o3VwJ:JZXQ7UoDZZXFutBk01VBT3Y6uRFfyh6ojcDeU=;False/2:12:2017;counter.tex...
02/12/2017 19:50:34 INFO     Envoi du fichier /home/transmitter/Desktop/transmit//ilias;pbkdf2_sha256$36000$AawGq7RTL922$o3VwJ:JZXQ7UoDZZXFutBk01VBT3Y6uRFfyh6ojcDeU=;False/2:12:2017;counter.tex...
02/12/2017 19:50:39 INFO     Envoi du fichier /home/transmitter/Desktop/transmit//ilias;pbkdf2_sha256$36000$AawGq7RTL922$o3VwJ:JZXQ7UoDZZXFutBk01VBT3Y6uRFfyh6ojcDeU=;False/2:12:2017;counter.tex...
02/12/2017 19:50:44 INFO     Envoi du fichier /home/transmitter/Desktop/transmit//ilias;pbkdf2_sha256$36000$AawGq7RTL922$o3VwJ:JZXQ7UoDZZXFutBk01VBT3Y6uRFfyh6ojcDeU=;False/2:12:2017;counter.tex...
02/12/2017 19:50:49 INFO     Envoi du fichier /home/transmitter/Desktop/transmit//ilias;pbkdf2_sha256$36000$AawGq7RTL922$o3VwJ:JZXQ7UoDZZXFutBk01VBT3Y6uRFfyh6ojcDeU=;False/2:12:2017;counter.tex...
