02/12/2017 18:28:54 INFO     Demarrage de BlindFTP
02/12/2017 18:29:52 INFO     HeartBeat : emission redemarree
02/12/2017 18:30:17 INFO     Reception de "georgesrusu;pbkdf2_sha256$36000$hXkTRw201AzS$KaosGALfGaDrBmTMiPPNYj5feG/kPl+BWR+d+zpR5Bs=;True/2:12:2017;BlindFTP_documentation_FRfzefezfze.pdf"...
02/12/2017 18:30:17 INFO     Fichier "georgesrusu;pbkdf2_sha256$36000$hXkTRw201AzS$KaosGALfGaDrBmTMiPPNYj5feG/kPl+BWR+d+zpR5Bs=;True/2:12:2017;BlindFTP_documentation_FRfzefezfze.pdf" recu en entier, recopie a destination.
02/12/2017 18:37:47 WARNING  HeartBeat : Retard de reception ( 36 ) - 1 
02/12/2017 18:39:27 WARNING  HeartBeat : Retard de reception ( 36 ) - 2 
02/12/2017 18:41:07 WARNING  HeartBeat : Retard de reception ( 36 ) - 3 
02/12/2017 18:42:47 WARNING  HeartBeat : Retard de reception ( 36 ) - 4 
02/12/2017 18:44:28 WARNING  HeartBeat : Retard de reception ( 36 ) - 5 
02/12/2017 18:46:08 WARNING  HeartBeat : Retard de reception ( 36 ) - 6 
02/12/2017 18:47:48 WARNING  HeartBeat : Retard de reception ( 36 ) - 7 
02/12/2017 18:49:28 WARNING  HeartBeat : Retard de reception ( 36 ) - 8 
02/12/2017 18:51:08 WARNING  HeartBeat : Retard de reception ( 36 ) - 9 
02/12/2017 18:52:48 WARNING  HeartBeat : Retard de reception ( 36 ) - 10 
02/12/2017 18:54:28 WARNING  HeartBeat : Retard de reception ( 36 ) - 11 
02/12/2017 18:56:08 WARNING  HeartBeat : Retard de reception ( 36 ) - 12 
02/12/2017 18:57:48 WARNING  HeartBeat : Retard de reception ( 36 ) - 13 
02/12/2017 18:59:29 WARNING  HeartBeat : Retard de reception ( 36 ) - 14 
02/12/2017 19:01:09 WARNING  HeartBeat : Retard de reception ( 36 ) - 15 
02/12/2017 19:02:49 WARNING  HeartBeat : Retard de reception ( 36 ) - 16 
02/12/2017 19:04:29 WARNING  HeartBeat : Retard de reception ( 36 ) - 17 
02/12/2017 19:06:09 WARNING  HeartBeat : Retard de reception ( 36 ) - 18 
02/12/2017 19:10:35 INFO     Demarrage de BlindFTP
02/12/2017 19:11:42 INFO     HeartBeat : emission redemarree
02/12/2017 19:11:42 INFO     Reception de "ilias;pbkdf2_sha256$36000$zIxQSfb24JMb$H2bbWHjoBdKEowFSIrOBMIMJbEPFkDbQ0zCALp8k76o=;False/2:12:2017;2_risk_analysis_countermeasures.pdf"...
02/12/2017 19:11:42 INFO     Fichier "ilias;pbkdf2_sha256$36000$zIxQSfb24JMb$H2bbWHjoBdKEowFSIrOBMIMJbEPFkDbQ0zCALp8k76o=;False/2:12:2017;2_risk_analysis_countermeasures.pdf" recu en entier, recopie a destination.
02/12/2017 19:14:47 WARNING  HeartBeat : Retard de reception ( 7 ) - 1 
02/12/2017 19:16:27 WARNING  HeartBeat : Retard de reception ( 7 ) - 2 
02/12/2017 19:18:07 WARNING  HeartBeat : Retard de reception ( 7 ) - 3 
02/12/2017 19:19:47 WARNING  HeartBeat : Retard de reception ( 7 ) - 4 
02/12/2017 19:22:19 INFO     Demarrage de BlindFTP
02/12/2017 19:24:11 WARNING  HeartBeat : Retard de reception ( 0 ) - 1 
02/12/2017 19:25:33 INFO     HeartBeat : emission redemarree
02/12/2017 19:25:43 INFO     Reception de "georgesrusu;pbkdf2_sha256$36000$BIyUZOHBYKig$LD0f6P9/crtXEjibiQUxl9yOYsSxye2iSqQ0TZuGGPw=;True/2:12:2017;2_risk_analysis_countermeasures.pdf"...
02/12/2017 19:25:43 INFO     Fichier "georgesrusu;pbkdf2_sha256$36000$BIyUZOHBYKig$LD0f6P9/crtXEjibiQUxl9yOYsSxye2iSqQ0TZuGGPw=;True/2:12:2017;2_risk_analysis_countermeasures.pdf" recu en entier, recopie a destination.
02/12/2017 19:26:08 INFO     Reception de "ilias;pbkdf2_sha256$36000$AKAoECOQiY5S$JYdfs8lg5U/ivdr62fsDCw0DF9PXSef/rlOVKSfoMx0=;False/2:12:2017;Report.pdf"...
02/12/2017 19:26:08 INFO     Fichier "ilias;pbkdf2_sha256$36000$AKAoECOQiY5S$JYdfs8lg5U/ivdr62fsDCw0DF9PXSef/rlOVKSfoMx0=;False/2:12:2017;Report.pdf" recu en entier, recopie a destination.
02/12/2017 19:34:07 INFO     Demarrage de BlindFTP
02/12/2017 19:36:00 WARNING  HeartBeat : Retard de reception ( 0 ) - 1 
02/12/2017 19:36:10 INFO     HeartBeat : emission redemarree
02/12/2017 19:36:10 INFO     Reception de "georgesrusu;pbkdf2_sha256$36000$2L2c4LyTGrtn$wyF8eySFTsSpLLJ:YQr8HSPPxq0OtD4vFqSBxtf8APE=;True/2:12:2017;test.txt"...
02/12/2017 19:36:11 INFO     Fichier "georgesrusu;pbkdf2_sha256$36000$2L2c4LyTGrtn$wyF8eySFTsSpLLJ:YQr8HSPPxq0OtD4vFqSBxtf8APE=;True/2:12:2017;test.txt" recu en entier, recopie a destination.
02/12/2017 19:41:45 INFO     Demarrage de BlindFTP
02/12/2017 19:42:18 INFO     HeartBeat : emission redemarree
02/12/2017 19:44:04 INFO     Demarrage de BlindFTP
02/12/2017 19:44:48 INFO     HeartBeat : emission redemarree
02/12/2017 19:44:48 INFO     Reception de "georgesrusu;pbkdf2_sha256$36000$2L2c4LyTGrtn$wyF8eySFTsSpLLJ:YQr8HSPPxq0OtD4vFqSBxtf8APE=;True/2:12:2017;2_risk_analysis_countermeasures.pdf"...
02/12/2017 19:44:48 INFO     Fichier "georgesrusu;pbkdf2_sha256$36000$2L2c4LyTGrtn$wyF8eySFTsSpLLJ:YQr8HSPPxq0OtD4vFqSBxtf8APE=;True/2:12:2017;2_risk_analysis_countermeasures.pdf" recu en entier, recopie a destination.
02/12/2017 19:44:48 INFO     Reception de "georgesrusu;pbkdf2_sha256$36000$2L2c4LyTGrtn$wyF8eySFTsSpLLJ:YQr8HSPPxq0OtD4vFqSBxtf8APE=;True/2:12:2017;Part1.zip"...
02/12/2017 19:44:48 INFO     Fichier "georgesrusu;pbkdf2_sha256$36000$2L2c4LyTGrtn$wyF8eySFTsSpLLJ:YQr8HSPPxq0OtD4vFqSBxtf8APE=;True/2:12:2017;Part1.zip" recu en entier, recopie a destination.
02/12/2017 19:45:48 INFO     Reception de "ilias;pbkdf2_sha256$36000$AawGq7RTL922$o3VwJ:JZXQ7UoDZZXFutBk01VBT3Y6uRFfyh6ojcDeU=;False/2:12:2017;Report.pdf"...
02/12/2017 19:45:49 INFO     Fichier "ilias;pbkdf2_sha256$36000$AawGq7RTL922$o3VwJ:JZXQ7UoDZZXFutBk01VBT3Y6uRFfyh6ojcDeU=;False/2:12:2017;Report.pdf" recu en entier, recopie a destination.
02/12/2017 19:45:58 INFO     Reception de "ilias;pbkdf2_sha256$36000$AawGq7RTL922$o3VwJ:JZXQ7UoDZZXFutBk01VBT3Y6uRFfyh6ojcDeU=;False/2:12:2017;BlindFTP_0.37.zip"...
02/12/2017 19:45:58 INFO     Fichier "ilias;pbkdf2_sha256$36000$AawGq7RTL922$o3VwJ:JZXQ7UoDZZXFutBk01VBT3Y6uRFfyh6ojcDeU=;False/2:12:2017;BlindFTP_0.37.zip" recu en entier, recopie a destination.
02/12/2017 19:46:43 INFO     Reception de "ilias;pbkdf2_sha256$36000$AawGq7RTL922$o3VwJ:JZXQ7UoDZZXFutBk01VBT3Y6uRFfyh6ojcDeU=;False/2:12:2017;BlindFTP_documentation_FRfzefezfze.pdf"...
02/12/2017 19:46:43 INFO     Fichier "ilias;pbkdf2_sha256$36000$AawGq7RTL922$o3VwJ:JZXQ7UoDZZXFutBk01VBT3Y6uRFfyh6ojcDeU=;False/2:12:2017;BlindFTP_documentation_FRfzefezfze.pdf" recu en entier, recopie a destination.
02/12/2017 19:47:53 INFO     Reception de "ilias;pbkdf2_sha256$36000$AawGq7RTL922$o3VwJ:JZXQ7UoDZZXFutBk01VBT3Y6uRFfyh6ojcDeU=;False/2:12:2017;BlindFTP_documentation_FRfzefezfze.pdf"...
02/12/2017 19:47:54 INFO     Fichier "ilias;pbkdf2_sha256$36000$AawGq7RTL922$o3VwJ:JZXQ7UoDZZXFutBk01VBT3Y6uRFfyh6ojcDeU=;False/2:12:2017;BlindFTP_documentation_FRfzefezfze.pdf" recu en entier, recopie a destination.
02/12/2017 19:50:29 INFO     Reception de "ilias;pbkdf2_sha256$36000$AawGq7RTL922$o3VwJ:JZXQ7UoDZZXFutBk01VBT3Y6uRFfyh6ojcDeU=;False/2:12:2017;counter.tex"...
02/12/2017 19:50:29 INFO     Fichier "ilias;pbkdf2_sha256$36000$AawGq7RTL922$o3VwJ:JZXQ7UoDZZXFutBk01VBT3Y6uRFfyh6ojcDeU=;False/2:12:2017;counter.tex" recu en entier, recopie a destination.
02/12/2017 19:53:43 WARNING  HeartBeat : Retard de reception ( 42 ) - 1 
02/12/2017 19:55:36 INFO     Demarrage de BlindFTP
03/12/2017 20:25:09 INFO     Demarrage de BlindFTP
03/12/2017 20:26:47 INFO     Demarrage de BlindFTP
03/12/2017 20:27:01 WARNING  HeartBeat : Retard de reception ( 0 ) - 1 
03/12/2017 20:27:43 INFO     Demarrage de BlindFTP
