01/12/2017 12:19:41 INFO     Demarrage de BlindFTP
01/12/2017 12:19:41 INFO     Synchronisation du repertoire "/Users/georgerusu/Documents/Facultate/Ma1/ManagementOfSecurity/managementSecuDataDiode/DataDiode/bftpTransmit/"
01/12/2017 12:19:41 INFO     Envoi du fichier /Users/georgerusu/Documents/Facultate/Ma1/ManagementOfSecurity/managementSecuDataDiode/DataDiode/bftpTransmit//.DS_Store...
01/12/2017 12:19:41 INFO     Envoi du fichier /Users/georgerusu/Documents/Facultate/Ma1/ManagementOfSecurity/managementSecuDataDiode/DataDiode/bftpTransmit//employee;pbkdf2_sha256$36000$crnx20zXxL2S$u35n1wzrvfnQTMOrYPvF8ZLvMaBbOX4pBZIxFw1nB4g=;False/30:11:2017;BlindFTP_documentation_FR.pdf...
01/12/2017 12:19:41 INFO     Envoi du fichier /Users/georgerusu/Documents/Facultate/Ma1/ManagementOfSecurity/managementSecuDataDiode/DataDiode/bftpTransmit//employee;pbkdf2_sha256$36000$crnx20zXxL2S$u35n1wzrvfnQTMOrYPvF8ZLvMaBbOX4pBZIxFw1nB4g=;False/30:11:2017;bootstrap-4.0.0-beta.2-dist (3).zip...
01/12/2017 12:19:42 INFO     Envoi du fichier /Users/georgerusu/Documents/Facultate/Ma1/ManagementOfSecurity/managementSecuDataDiode/DataDiode/bftpTransmit//georgesrusu;pbkdf2_sha256$36000$0SxiU4csSYPc$ccdeMwwfeimmOIMsmWAmo4x3nR+P5rurZwhN2wxblGU=;True/30:11:2017;BlindFTP_documentation_FR.pdf...
01/12/2017 12:19:42 INFO     Envoi du fichier /Users/georgerusu/Documents/Facultate/Ma1/ManagementOfSecurity/managementSecuDataDiode/DataDiode/bftpTransmit//georgesrusu;pbkdf2_sha256$36000$LZdq9HtOPKVe$XILO5l6IZUHskbTDMyIJ3MweE+RwjK/XDHm/2dczEdI=;True/1:12:2017;BlindFTP_documentation_FR (1).pdf...
01/12/2017 12:19:42 INFO     Envoi du fichier /Users/georgerusu/Documents/Facultate/Ma1/ManagementOfSecurity/managementSecuDataDiode/DataDiode/bftpTransmit//georgesrusu;pbkdf2_sha256$36000$LZdq9HtOPKVe$XILO5l6IZUHskbTDMyIJ3MweE+RwjK/XDHm/2dczEdI=;True/1:12:2017;BlindFTP_documentation_FR.pdf...
01/12/2017 12:19:46 INFO     Envoi du fichier /Users/georgerusu/Documents/Facultate/Ma1/ManagementOfSecurity/managementSecuDataDiode/DataDiode/bftpTransmit//.DS_Store...
01/12/2017 12:19:46 INFO     Envoi du fichier /Users/georgerusu/Documents/Facultate/Ma1/ManagementOfSecurity/managementSecuDataDiode/DataDiode/bftpTransmit//employee;pbkdf2_sha256$36000$crnx20zXxL2S$u35n1wzrvfnQTMOrYPvF8ZLvMaBbOX4pBZIxFw1nB4g=;False/30:11:2017;BlindFTP_documentation_FR.pdf...
01/12/2017 12:19:46 INFO     Envoi du fichier /Users/georgerusu/Documents/Facultate/Ma1/ManagementOfSecurity/managementSecuDataDiode/DataDiode/bftpTransmit//employee;pbkdf2_sha256$36000$crnx20zXxL2S$u35n1wzrvfnQTMOrYPvF8ZLvMaBbOX4pBZIxFw1nB4g=;False/30:11:2017;bootstrap-4.0.0-beta.2-dist (3).zip...
01/12/2017 12:19:47 INFO     Envoi du fichier /Users/georgerusu/Documents/Facultate/Ma1/ManagementOfSecurity/managementSecuDataDiode/DataDiode/bftpTransmit//georgesrusu;pbkdf2_sha256$36000$0SxiU4csSYPc$ccdeMwwfeimmOIMsmWAmo4x3nR+P5rurZwhN2wxblGU=;True/30:11:2017;BlindFTP_documentation_FR.pdf...
01/12/2017 12:19:47 INFO     Envoi du fichier /Users/georgerusu/Documents/Facultate/Ma1/ManagementOfSecurity/managementSecuDataDiode/DataDiode/bftpTransmit//georgesrusu;pbkdf2_sha256$36000$LZdq9HtOPKVe$XILO5l6IZUHskbTDMyIJ3MweE+RwjK/XDHm/2dczEdI=;True/1:12:2017;BlindFTP_documentation_FR (1).pdf...
01/12/2017 12:19:47 INFO     Envoi du fichier /Users/georgerusu/Documents/Facultate/Ma1/ManagementOfSecurity/managementSecuDataDiode/DataDiode/bftpTransmit//georgesrusu;pbkdf2_sha256$36000$LZdq9HtOPKVe$XILO5l6IZUHskbTDMyIJ3MweE+RwjK/XDHm/2dczEdI=;True/1:12:2017;BlindFTP_documentation_FR.pdf...
01/12/2017 12:19:51 INFO     Envoi du fichier /Users/georgerusu/Documents/Facultate/Ma1/ManagementOfSecurity/managementSecuDataDiode/DataDiode/bftpTransmit//.DS_Store...
01/12/2017 12:19:51 INFO     Envoi du fichier /Users/georgerusu/Documents/Facultate/Ma1/ManagementOfSecurity/managementSecuDataDiode/DataDiode/bftpTransmit//employee;pbkdf2_sha256$36000$crnx20zXxL2S$u35n1wzrvfnQTMOrYPvF8ZLvMaBbOX4pBZIxFw1nB4g=;False/30:11:2017;BlindFTP_documentation_FR.pdf...
01/12/2017 12:19:51 INFO     Envoi du fichier /Users/georgerusu/Documents/Facultate/Ma1/ManagementOfSecurity/managementSecuDataDiode/DataDiode/bftpTransmit//employee;pbkdf2_sha256$36000$crnx20zXxL2S$u35n1wzrvfnQTMOrYPvF8ZLvMaBbOX4pBZIxFw1nB4g=;False/30:11:2017;bootstrap-4.0.0-beta.2-dist (3).zip...
01/12/2017 12:19:52 INFO     Envoi du fichier /Users/georgerusu/Documents/Facultate/Ma1/ManagementOfSecurity/managementSecuDataDiode/DataDiode/bftpTransmit//georgesrusu;pbkdf2_sha256$36000$0SxiU4csSYPc$ccdeMwwfeimmOIMsmWAmo4x3nR+P5rurZwhN2wxblGU=;True/30:11:2017;BlindFTP_documentation_FR.pdf...
01/12/2017 12:19:52 INFO     Envoi du fichier /Users/georgerusu/Documents/Facultate/Ma1/ManagementOfSecurity/managementSecuDataDiode/DataDiode/bftpTransmit//georgesrusu;pbkdf2_sha256$36000$LZdq9HtOPKVe$XILO5l6IZUHskbTDMyIJ3MweE+RwjK/XDHm/2dczEdI=;True/1:12:2017;BlindFTP_documentation_FR (1).pdf...
01/12/2017 12:19:52 INFO     Envoi du fichier /Users/georgerusu/Documents/Facultate/Ma1/ManagementOfSecurity/managementSecuDataDiode/DataDiode/bftpTransmit//georgesrusu;pbkdf2_sha256$36000$LZdq9HtOPKVe$XILO5l6IZUHskbTDMyIJ3MweE+RwjK/XDHm/2dczEdI=;True/1:12:2017;BlindFTP_documentation_FR.pdf...
01/12/2017 12:19:56 INFO     Envoi du fichier /Users/georgerusu/Documents/Facultate/Ma1/ManagementOfSecurity/managementSecuDataDiode/DataDiode/bftpTransmit//.DS_Store...
01/12/2017 12:19:56 INFO     Envoi du fichier /Users/georgerusu/Documents/Facultate/Ma1/ManagementOfSecurity/managementSecuDataDiode/DataDiode/bftpTransmit//employee;pbkdf2_sha256$36000$crnx20zXxL2S$u35n1wzrvfnQTMOrYPvF8ZLvMaBbOX4pBZIxFw1nB4g=;False/30:11:2017;BlindFTP_documentation_FR.pdf...
01/12/2017 12:19:56 INFO     Envoi du fichier /Users/georgerusu/Documents/Facultate/Ma1/ManagementOfSecurity/managementSecuDataDiode/DataDiode/bftpTransmit//employee;pbkdf2_sha256$36000$crnx20zXxL2S$u35n1wzrvfnQTMOrYPvF8ZLvMaBbOX4pBZIxFw1nB4g=;False/30:11:2017;bootstrap-4.0.0-beta.2-dist (3).zip...
01/12/2017 12:19:57 INFO     Envoi du fichier /Users/georgerusu/Documents/Facultate/Ma1/ManagementOfSecurity/managementSecuDataDiode/DataDiode/bftpTransmit//georgesrusu;pbkdf2_sha256$36000$0SxiU4csSYPc$ccdeMwwfeimmOIMsmWAmo4x3nR+P5rurZwhN2wxblGU=;True/30:11:2017;BlindFTP_documentation_FR.pdf...
01/12/2017 12:19:57 INFO     Envoi du fichier /Users/georgerusu/Documents/Facultate/Ma1/ManagementOfSecurity/managementSecuDataDiode/DataDiode/bftpTransmit//georgesrusu;pbkdf2_sha256$36000$LZdq9HtOPKVe$XILO5l6IZUHskbTDMyIJ3MweE+RwjK/XDHm/2dczEdI=;True/1:12:2017;BlindFTP_documentation_FR (1).pdf...
01/12/2017 12:19:57 INFO     Envoi du fichier /Users/georgerusu/Documents/Facultate/Ma1/ManagementOfSecurity/managementSecuDataDiode/DataDiode/bftpTransmit//georgesrusu;pbkdf2_sha256$36000$LZdq9HtOPKVe$XILO5l6IZUHskbTDMyIJ3MweE+RwjK/XDHm/2dczEdI=;True/1:12:2017;BlindFTP_documentation_FR.pdf...
01/12/2017 12:20:01 INFO     Envoi du fichier /Users/georgerusu/Documents/Facultate/Ma1/ManagementOfSecurity/managementSecuDataDiode/DataDiode/bftpTransmit//.DS_Store...
01/12/2017 12:20:01 INFO     Envoi du fichier /Users/georgerusu/Documents/Facultate/Ma1/ManagementOfSecurity/managementSecuDataDiode/DataDiode/bftpTransmit//employee;pbkdf2_sha256$36000$crnx20zXxL2S$u35n1wzrvfnQTMOrYPvF8ZLvMaBbOX4pBZIxFw1nB4g=;False/30:11:2017;BlindFTP_documentation_FR.pdf...
01/12/2017 12:20:01 INFO     Envoi du fichier /Users/georgerusu/Documents/Facultate/Ma1/ManagementOfSecurity/managementSecuDataDiode/DataDiode/bftpTransmit//employee;pbkdf2_sha256$36000$crnx20zXxL2S$u35n1wzrvfnQTMOrYPvF8ZLvMaBbOX4pBZIxFw1nB4g=;False/30:11:2017;bootstrap-4.0.0-beta.2-dist (3).zip...
01/12/2017 12:20:02 INFO     Envoi du fichier /Users/georgerusu/Documents/Facultate/Ma1/ManagementOfSecurity/managementSecuDataDiode/DataDiode/bftpTransmit//georgesrusu;pbkdf2_sha256$36000$0SxiU4csSYPc$ccdeMwwfeimmOIMsmWAmo4x3nR+P5rurZwhN2wxblGU=;True/30:11:2017;BlindFTP_documentation_FR.pdf...
01/12/2017 12:20:02 INFO     Envoi du fichier /Users/georgerusu/Documents/Facultate/Ma1/ManagementOfSecurity/managementSecuDataDiode/DataDiode/bftpTransmit//georgesrusu;pbkdf2_sha256$36000$LZdq9HtOPKVe$XILO5l6IZUHskbTDMyIJ3MweE+RwjK/XDHm/2dczEdI=;True/1:12:2017;BlindFTP_documentation_FR (1).pdf...
01/12/2017 12:20:02 INFO     Envoi du fichier /Users/georgerusu/Documents/Facultate/Ma1/ManagementOfSecurity/managementSecuDataDiode/DataDiode/bftpTransmit//georgesrusu;pbkdf2_sha256$36000$LZdq9HtOPKVe$XILO5l6IZUHskbTDMyIJ3MweE+RwjK/XDHm/2dczEdI=;True/1:12:2017;BlindFTP_documentation_FR.pdf...
01/12/2017 12:21:14 INFO     Demarrage de BlindFTP
01/12/2017 12:21:14 INFO     Synchronisation du repertoire "/Users/georgerusu/Documents/Facultate/Ma1/ManagementOfSecurity/managementSecuDataDiode/DataDiode/bftpTransmit/"
01/12/2017 12:21:14 INFO     Envoi du fichier /Users/georgerusu/Documents/Facultate/Ma1/ManagementOfSecurity/managementSecuDataDiode/DataDiode/bftpTransmit//.DS_Store...
01/12/2017 12:21:14 INFO     Envoi du fichier /Users/georgerusu/Documents/Facultate/Ma1/ManagementOfSecurity/managementSecuDataDiode/DataDiode/bftpTransmit//employee;pbkdf2_sha256$36000$crnx20zXxL2S$u35n1wzrvfnQTMOrYPvF8ZLvMaBbOX4pBZIxFw1nB4g=;False/30:11:2017;BlindFTP_documentation_FR.pdf...
01/12/2017 12:21:15 INFO     Envoi du fichier /Users/georgerusu/Documents/Facultate/Ma1/ManagementOfSecurity/managementSecuDataDiode/DataDiode/bftpTransmit//employee;pbkdf2_sha256$36000$crnx20zXxL2S$u35n1wzrvfnQTMOrYPvF8ZLvMaBbOX4pBZIxFw1nB4g=;False/30:11:2017;bootstrap-4.0.0-beta.2-dist (3).zip...
01/12/2017 12:21:15 INFO     Envoi du fichier /Users/georgerusu/Documents/Facultate/Ma1/ManagementOfSecurity/managementSecuDataDiode/DataDiode/bftpTransmit//georgesrusu;pbkdf2_sha256$36000$0SxiU4csSYPc$ccdeMwwfeimmOIMsmWAmo4x3nR+P5rurZwhN2wxblGU=;True/30:11:2017;BlindFTP_documentation_FR.pdf...
01/12/2017 12:21:16 INFO     Envoi du fichier /Users/georgerusu/Documents/Facultate/Ma1/ManagementOfSecurity/managementSecuDataDiode/DataDiode/bftpTransmit//georgesrusu;pbkdf2_sha256$36000$LZdq9HtOPKVe$XILO5l6IZUHskbTDMyIJ3MweE+RwjK/XDHm/2dczEdI=;True/1:12:2017;BlindFTP_documentation_FR (1).pdf...
01/12/2017 12:21:16 INFO     Envoi du fichier /Users/georgerusu/Documents/Facultate/Ma1/ManagementOfSecurity/managementSecuDataDiode/DataDiode/bftpTransmit//georgesrusu;pbkdf2_sha256$36000$LZdq9HtOPKVe$XILO5l6IZUHskbTDMyIJ3MweE+RwjK/XDHm/2dczEdI=;True/1:12:2017;BlindFTP_documentation_FR.pdf...
01/12/2017 12:21:19 INFO     Envoi du fichier /Users/georgerusu/Documents/Facultate/Ma1/ManagementOfSecurity/managementSecuDataDiode/DataDiode/bftpTransmit//.DS_Store...
01/12/2017 12:21:19 INFO     Envoi du fichier /Users/georgerusu/Documents/Facultate/Ma1/ManagementOfSecurity/managementSecuDataDiode/DataDiode/bftpTransmit//employee;pbkdf2_sha256$36000$crnx20zXxL2S$u35n1wzrvfnQTMOrYPvF8ZLvMaBbOX4pBZIxFw1nB4g=;False/30:11:2017;BlindFTP_documentation_FR.pdf...
01/12/2017 12:21:20 INFO     Envoi du fichier /Users/georgerusu/Documents/Facultate/Ma1/ManagementOfSecurity/managementSecuDataDiode/DataDiode/bftpTransmit//employee;pbkdf2_sha256$36000$crnx20zXxL2S$u35n1wzrvfnQTMOrYPvF8ZLvMaBbOX4pBZIxFw1nB4g=;False/30:11:2017;bootstrap-4.0.0-beta.2-dist (3).zip...
01/12/2017 12:21:20 INFO     Envoi du fichier /Users/georgerusu/Documents/Facultate/Ma1/ManagementOfSecurity/managementSecuDataDiode/DataDiode/bftpTransmit//georgesrusu;pbkdf2_sha256$36000$0SxiU4csSYPc$ccdeMwwfeimmOIMsmWAmo4x3nR+P5rurZwhN2wxblGU=;True/30:11:2017;BlindFTP_documentation_FR.pdf...
01/12/2017 12:21:21 INFO     Envoi du fichier /Users/georgerusu/Documents/Facultate/Ma1/ManagementOfSecurity/managementSecuDataDiode/DataDiode/bftpTransmit//georgesrusu;pbkdf2_sha256$36000$LZdq9HtOPKVe$XILO5l6IZUHskbTDMyIJ3MweE+RwjK/XDHm/2dczEdI=;True/1:12:2017;BlindFTP_documentation_FR (1).pdf...
01/12/2017 12:21:21 INFO     Envoi du fichier /Users/georgerusu/Documents/Facultate/Ma1/ManagementOfSecurity/managementSecuDataDiode/DataDiode/bftpTransmit//georgesrusu;pbkdf2_sha256$36000$LZdq9HtOPKVe$XILO5l6IZUHskbTDMyIJ3MweE+RwjK/XDHm/2dczEdI=;True/1:12:2017;BlindFTP_documentation_FR.pdf...
01/12/2017 12:21:24 INFO     Envoi du fichier /Users/georgerusu/Documents/Facultate/Ma1/ManagementOfSecurity/managementSecuDataDiode/DataDiode/bftpTransmit//.DS_Store...
01/12/2017 12:21:24 INFO     Envoi du fichier /Users/georgerusu/Documents/Facultate/Ma1/ManagementOfSecurity/managementSecuDataDiode/DataDiode/bftpTransmit//employee;pbkdf2_sha256$36000$crnx20zXxL2S$u35n1wzrvfnQTMOrYPvF8ZLvMaBbOX4pBZIxFw1nB4g=;False/30:11:2017;BlindFTP_documentation_FR.pdf...
01/12/2017 12:21:25 INFO     Envoi du fichier /Users/georgerusu/Documents/Facultate/Ma1/ManagementOfSecurity/managementSecuDataDiode/DataDiode/bftpTransmit//employee;pbkdf2_sha256$36000$crnx20zXxL2S$u35n1wzrvfnQTMOrYPvF8ZLvMaBbOX4pBZIxFw1nB4g=;False/30:11:2017;bootstrap-4.0.0-beta.2-dist (3).zip...
01/12/2017 12:21:25 INFO     Envoi du fichier /Users/georgerusu/Documents/Facultate/Ma1/ManagementOfSecurity/managementSecuDataDiode/DataDiode/bftpTransmit//georgesrusu;pbkdf2_sha256$36000$0SxiU4csSYPc$ccdeMwwfeimmOIMsmWAmo4x3nR+P5rurZwhN2wxblGU=;True/30:11:2017;BlindFTP_documentation_FR.pdf...
01/12/2017 12:21:26 INFO     Envoi du fichier /Users/georgerusu/Documents/Facultate/Ma1/ManagementOfSecurity/managementSecuDataDiode/DataDiode/bftpTransmit//georgesrusu;pbkdf2_sha256$36000$LZdq9HtOPKVe$XILO5l6IZUHskbTDMyIJ3MweE+RwjK/XDHm/2dczEdI=;True/1:12:2017;BlindFTP_documentation_FR (1).pdf...
01/12/2017 12:21:26 INFO     Envoi du fichier /Users/georgerusu/Documents/Facultate/Ma1/ManagementOfSecurity/managementSecuDataDiode/DataDiode/bftpTransmit//georgesrusu;pbkdf2_sha256$36000$LZdq9HtOPKVe$XILO5l6IZUHskbTDMyIJ3MweE+RwjK/XDHm/2dczEdI=;True/1:12:2017;BlindFTP_documentation_FR.pdf...
01/12/2017 12:21:29 INFO     Envoi du fichier /Users/georgerusu/Documents/Facultate/Ma1/ManagementOfSecurity/managementSecuDataDiode/DataDiode/bftpTransmit//.DS_Store...
01/12/2017 12:21:29 INFO     Envoi du fichier /Users/georgerusu/Documents/Facultate/Ma1/ManagementOfSecurity/managementSecuDataDiode/DataDiode/bftpTransmit//employee;pbkdf2_sha256$36000$crnx20zXxL2S$u35n1wzrvfnQTMOrYPvF8ZLvMaBbOX4pBZIxFw1nB4g=;False/30:11:2017;BlindFTP_documentation_FR.pdf...
01/12/2017 12:21:30 INFO     Envoi du fichier /Users/georgerusu/Documents/Facultate/Ma1/ManagementOfSecurity/managementSecuDataDiode/DataDiode/bftpTransmit//employee;pbkdf2_sha256$36000$crnx20zXxL2S$u35n1wzrvfnQTMOrYPvF8ZLvMaBbOX4pBZIxFw1nB4g=;False/30:11:2017;bootstrap-4.0.0-beta.2-dist (3).zip...
01/12/2017 12:21:30 INFO     Envoi du fichier /Users/georgerusu/Documents/Facultate/Ma1/ManagementOfSecurity/managementSecuDataDiode/DataDiode/bftpTransmit//georgesrusu;pbkdf2_sha256$36000$0SxiU4csSYPc$ccdeMwwfeimmOIMsmWAmo4x3nR+P5rurZwhN2wxblGU=;True/30:11:2017;BlindFTP_documentation_FR.pdf...
01/12/2017 12:21:31 INFO     Envoi du fichier /Users/georgerusu/Documents/Facultate/Ma1/ManagementOfSecurity/managementSecuDataDiode/DataDiode/bftpTransmit//georgesrusu;pbkdf2_sha256$36000$LZdq9HtOPKVe$XILO5l6IZUHskbTDMyIJ3MweE+RwjK/XDHm/2dczEdI=;True/1:12:2017;BlindFTP_documentation_FR (1).pdf...
01/12/2017 12:21:31 INFO     Envoi du fichier /Users/georgerusu/Documents/Facultate/Ma1/ManagementOfSecurity/managementSecuDataDiode/DataDiode/bftpTransmit//georgesrusu;pbkdf2_sha256$36000$LZdq9HtOPKVe$XILO5l6IZUHskbTDMyIJ3MweE+RwjK/XDHm/2dczEdI=;True/1:12:2017;BlindFTP_documentation_FR.pdf...
01/12/2017 12:21:34 INFO     Envoi du fichier /Users/georgerusu/Documents/Facultate/Ma1/ManagementOfSecurity/managementSecuDataDiode/DataDiode/bftpTransmit//.DS_Store...
01/12/2017 12:21:35 INFO     Envoi du fichier /Users/georgerusu/Documents/Facultate/Ma1/ManagementOfSecurity/managementSecuDataDiode/DataDiode/bftpTransmit//employee;pbkdf2_sha256$36000$crnx20zXxL2S$u35n1wzrvfnQTMOrYPvF8ZLvMaBbOX4pBZIxFw1nB4g=;False/30:11:2017;BlindFTP_documentation_FR.pdf...
01/12/2017 12:21:35 INFO     Envoi du fichier /Users/georgerusu/Documents/Facultate/Ma1/ManagementOfSecurity/managementSecuDataDiode/DataDiode/bftpTransmit//employee;pbkdf2_sha256$36000$crnx20zXxL2S$u35n1wzrvfnQTMOrYPvF8ZLvMaBbOX4pBZIxFw1nB4g=;False/30:11:2017;bootstrap-4.0.0-beta.2-dist (3).zip...
01/12/2017 12:21:35 INFO     Envoi du fichier /Users/georgerusu/Documents/Facultate/Ma1/ManagementOfSecurity/managementSecuDataDiode/DataDiode/bftpTransmit//georgesrusu;pbkdf2_sha256$36000$0SxiU4csSYPc$ccdeMwwfeimmOIMsmWAmo4x3nR+P5rurZwhN2wxblGU=;True/30:11:2017;BlindFTP_documentation_FR.pdf...
01/12/2017 12:21:36 INFO     Envoi du fichier /Users/georgerusu/Documents/Facultate/Ma1/ManagementOfSecurity/managementSecuDataDiode/DataDiode/bftpTransmit//georgesrusu;pbkdf2_sha256$36000$LZdq9HtOPKVe$XILO5l6IZUHskbTDMyIJ3MweE+RwjK/XDHm/2dczEdI=;True/1:12:2017;BlindFTP_documentation_FR (1).pdf...
01/12/2017 12:21:36 INFO     Envoi du fichier /Users/georgerusu/Documents/Facultate/Ma1/ManagementOfSecurity/managementSecuDataDiode/DataDiode/bftpTransmit//georgesrusu;pbkdf2_sha256$36000$LZdq9HtOPKVe$XILO5l6IZUHskbTDMyIJ3MweE+RwjK/XDHm/2dczEdI=;True/1:12:2017;BlindFTP_documentation_FR.pdf...
01/12/2017 12:27:09 INFO     Demarrage de BlindFTP
01/12/2017 12:27:09 INFO     Synchronisation du repertoire "/Users/georgerusu/Documents/Facultate/Ma1/ManagementOfSecurity/managementSecuDataDiode/DataDiode/bftpTransmit/"
01/12/2017 12:27:09 INFO     Envoi du fichier /Users/georgerusu/Documents/Facultate/Ma1/ManagementOfSecurity/managementSecuDataDiode/DataDiode/bftpTransmit//.DS_Store...
01/12/2017 12:27:09 INFO     Envoi du fichier /Users/georgerusu/Documents/Facultate/Ma1/ManagementOfSecurity/managementSecuDataDiode/DataDiode/bftpTransmit//employee;pbkdf2_sha256$36000$crnx20zXxL2S$u35n1wzrvfnQTMOrYPvF8ZLvMaBbOX4pBZIxFw1nB4g=;False/30:11:2017;BlindFTP_documentation_FR.pdf...
01/12/2017 12:27:10 INFO     Envoi du fichier /Users/georgerusu/Documents/Facultate/Ma1/ManagementOfSecurity/managementSecuDataDiode/DataDiode/bftpTransmit//employee;pbkdf2_sha256$36000$crnx20zXxL2S$u35n1wzrvfnQTMOrYPvF8ZLvMaBbOX4pBZIxFw1nB4g=;False/30:11:2017;bootstrap-4.0.0-beta.2-dist (3).zip...
01/12/2017 12:27:10 INFO     Envoi du fichier /Users/georgerusu/Documents/Facultate/Ma1/ManagementOfSecurity/managementSecuDataDiode/DataDiode/bftpTransmit//georgesrusu;pbkdf2_sha256$36000$0SxiU4csSYPc$ccdeMwwfeimmOIMsmWAmo4x3nR+P5rurZwhN2wxblGU=;True/30:11:2017;BlindFTP_documentation_FR.pdf...
01/12/2017 12:27:11 INFO     Envoi du fichier /Users/georgerusu/Documents/Facultate/Ma1/ManagementOfSecurity/managementSecuDataDiode/DataDiode/bftpTransmit//georgesrusu;pbkdf2_sha256$36000$LZdq9HtOPKVe$XILO5l6IZUHskbTDMyIJ3MweE+RwjK/XDHm/2dczEdI=;True/1:12:2017;BlindFTP_documentation_FR (1).pdf...
01/12/2017 12:27:11 INFO     Envoi du fichier /Users/georgerusu/Documents/Facultate/Ma1/ManagementOfSecurity/managementSecuDataDiode/DataDiode/bftpTransmit//georgesrusu;pbkdf2_sha256$36000$LZdq9HtOPKVe$XILO5l6IZUHskbTDMyIJ3MweE+RwjK/XDHm/2dczEdI=;True/1:12:2017;BlindFTP_documentation_FR.pdf...
01/12/2017 12:27:14 INFO     Envoi du fichier /Users/georgerusu/Documents/Facultate/Ma1/ManagementOfSecurity/managementSecuDataDiode/DataDiode/bftpTransmit//.DS_Store...
01/12/2017 12:27:14 INFO     Envoi du fichier /Users/georgerusu/Documents/Facultate/Ma1/ManagementOfSecurity/managementSecuDataDiode/DataDiode/bftpTransmit//employee;pbkdf2_sha256$36000$crnx20zXxL2S$u35n1wzrvfnQTMOrYPvF8ZLvMaBbOX4pBZIxFw1nB4g=;False/30:11:2017;BlindFTP_documentation_FR.pdf...
01/12/2017 12:27:15 INFO     Envoi du fichier /Users/georgerusu/Documents/Facultate/Ma1/ManagementOfSecurity/managementSecuDataDiode/DataDiode/bftpTransmit//employee;pbkdf2_sha256$36000$crnx20zXxL2S$u35n1wzrvfnQTMOrYPvF8ZLvMaBbOX4pBZIxFw1nB4g=;False/30:11:2017;bootstrap-4.0.0-beta.2-dist (3).zip...
01/12/2017 12:27:15 INFO     Envoi du fichier /Users/georgerusu/Documents/Facultate/Ma1/ManagementOfSecurity/managementSecuDataDiode/DataDiode/bftpTransmit//georgesrusu;pbkdf2_sha256$36000$0SxiU4csSYPc$ccdeMwwfeimmOIMsmWAmo4x3nR+P5rurZwhN2wxblGU=;True/30:11:2017;BlindFTP_documentation_FR.pdf...
01/12/2017 12:27:16 INFO     Envoi du fichier /Users/georgerusu/Documents/Facultate/Ma1/ManagementOfSecurity/managementSecuDataDiode/DataDiode/bftpTransmit//georgesrusu;pbkdf2_sha256$36000$LZdq9HtOPKVe$XILO5l6IZUHskbTDMyIJ3MweE+RwjK/XDHm/2dczEdI=;True/1:12:2017;BlindFTP_documentation_FR (1).pdf...
01/12/2017 12:27:16 INFO     Envoi du fichier /Users/georgerusu/Documents/Facultate/Ma1/ManagementOfSecurity/managementSecuDataDiode/DataDiode/bftpTransmit//georgesrusu;pbkdf2_sha256$36000$LZdq9HtOPKVe$XILO5l6IZUHskbTDMyIJ3MweE+RwjK/XDHm/2dczEdI=;True/1:12:2017;BlindFTP_documentation_FR.pdf...
01/12/2017 12:27:19 INFO     Envoi du fichier /Users/georgerusu/Documents/Facultate/Ma1/ManagementOfSecurity/managementSecuDataDiode/DataDiode/bftpTransmit//.DS_Store...
01/12/2017 12:27:19 INFO     Envoi du fichier /Users/georgerusu/Documents/Facultate/Ma1/ManagementOfSecurity/managementSecuDataDiode/DataDiode/bftpTransmit//employee;pbkdf2_sha256$36000$crnx20zXxL2S$u35n1wzrvfnQTMOrYPvF8ZLvMaBbOX4pBZIxFw1nB4g=;False/30:11:2017;BlindFTP_documentation_FR.pdf...
01/12/2017 12:27:20 INFO     Envoi du fichier /Users/georgerusu/Documents/Facultate/Ma1/ManagementOfSecurity/managementSecuDataDiode/DataDiode/bftpTransmit//employee;pbkdf2_sha256$36000$crnx20zXxL2S$u35n1wzrvfnQTMOrYPvF8ZLvMaBbOX4pBZIxFw1nB4g=;False/30:11:2017;bootstrap-4.0.0-beta.2-dist (3).zip...
01/12/2017 12:27:20 INFO     Envoi du fichier /Users/georgerusu/Documents/Facultate/Ma1/ManagementOfSecurity/managementSecuDataDiode/DataDiode/bftpTransmit//georgesrusu;pbkdf2_sha256$36000$0SxiU4csSYPc$ccdeMwwfeimmOIMsmWAmo4x3nR+P5rurZwhN2wxblGU=;True/30:11:2017;BlindFTP_documentation_FR.pdf...
01/12/2017 12:27:21 INFO     Envoi du fichier /Users/georgerusu/Documents/Facultate/Ma1/ManagementOfSecurity/managementSecuDataDiode/DataDiode/bftpTransmit//georgesrusu;pbkdf2_sha256$36000$LZdq9HtOPKVe$XILO5l6IZUHskbTDMyIJ3MweE+RwjK/XDHm/2dczEdI=;True/1:12:2017;BlindFTP_documentation_FR (1).pdf...
01/12/2017 12:27:21 INFO     Envoi du fichier /Users/georgerusu/Documents/Facultate/Ma1/ManagementOfSecurity/managementSecuDataDiode/DataDiode/bftpTransmit//georgesrusu;pbkdf2_sha256$36000$LZdq9HtOPKVe$XILO5l6IZUHskbTDMyIJ3MweE+RwjK/XDHm/2dczEdI=;True/1:12:2017;BlindFTP_documentation_FR.pdf...
01/12/2017 12:31:55 INFO     Demarrage de BlindFTP
01/12/2017 12:31:55 INFO     Synchronisation du repertoire "/Users/georgerusu/Documents/Facultate/Ma1/ManagementOfSecurity/managementSecuDataDiode/DataDiode/bftpTransmit/"
01/12/2017 12:31:55 INFO     Envoi du fichier /Users/georgerusu/Documents/Facultate/Ma1/ManagementOfSecurity/managementSecuDataDiode/DataDiode/bftpTransmit//.DS_Store...
01/12/2017 12:31:55 INFO     Envoi du fichier /Users/georgerusu/Documents/Facultate/Ma1/ManagementOfSecurity/managementSecuDataDiode/DataDiode/bftpTransmit//employee;pbkdf2_sha256$36000$crnx20zXxL2S$u35n1wzrvfnQTMOrYPvF8ZLvMaBbOX4pBZIxFw1nB4g=;False/30:11:2017;BlindFTP_documentation_FR.pdf...
01/12/2017 12:31:56 INFO     Envoi du fichier /Users/georgerusu/Documents/Facultate/Ma1/ManagementOfSecurity/managementSecuDataDiode/DataDiode/bftpTransmit//employee;pbkdf2_sha256$36000$crnx20zXxL2S$u35n1wzrvfnQTMOrYPvF8ZLvMaBbOX4pBZIxFw1nB4g=;False/30:11:2017;bootstrap-4.0.0-beta.2-dist (3).zip...
01/12/2017 12:31:56 INFO     Envoi du fichier /Users/georgerusu/Documents/Facultate/Ma1/ManagementOfSecurity/managementSecuDataDiode/DataDiode/bftpTransmit//georgesrusu;pbkdf2_sha256$36000$0SxiU4csSYPc$ccdeMwwfeimmOIMsmWAmo4x3nR+P5rurZwhN2wxblGU=;True/30:11:2017;BlindFTP_documentation_FR.pdf...
01/12/2017 12:31:57 INFO     Envoi du fichier /Users/georgerusu/Documents/Facultate/Ma1/ManagementOfSecurity/managementSecuDataDiode/DataDiode/bftpTransmit//georgesrusu;pbkdf2_sha256$36000$LZdq9HtOPKVe$XILO5l6IZUHskbTDMyIJ3MweE+RwjK/XDHm/2dczEdI=;True/1:12:2017;BlindFTP_documentation_FR (1).pdf...
01/12/2017 12:31:57 INFO     Envoi du fichier /Users/georgerusu/Documents/Facultate/Ma1/ManagementOfSecurity/managementSecuDataDiode/DataDiode/bftpTransmit//georgesrusu;pbkdf2_sha256$36000$LZdq9HtOPKVe$XILO5l6IZUHskbTDMyIJ3MweE+RwjK/XDHm/2dczEdI=;True/1:12:2017;BlindFTP_documentation_FR.pdf...
01/12/2017 12:32:00 INFO     Envoi du fichier /Users/georgerusu/Documents/Facultate/Ma1/ManagementOfSecurity/managementSecuDataDiode/DataDiode/bftpTransmit//.DS_Store...
01/12/2017 12:32:00 INFO     Envoi du fichier /Users/georgerusu/Documents/Facultate/Ma1/ManagementOfSecurity/managementSecuDataDiode/DataDiode/bftpTransmit//employee;pbkdf2_sha256$36000$crnx20zXxL2S$u35n1wzrvfnQTMOrYPvF8ZLvMaBbOX4pBZIxFw1nB4g=;False/30:11:2017;BlindFTP_documentation_FR.pdf...
01/12/2017 12:32:01 INFO     Envoi du fichier /Users/georgerusu/Documents/Facultate/Ma1/ManagementOfSecurity/managementSecuDataDiode/DataDiode/bftpTransmit//employee;pbkdf2_sha256$36000$crnx20zXxL2S$u35n1wzrvfnQTMOrYPvF8ZLvMaBbOX4pBZIxFw1nB4g=;False/30:11:2017;bootstrap-4.0.0-beta.2-dist (3).zip...
01/12/2017 12:32:01 INFO     Envoi du fichier /Users/georgerusu/Documents/Facultate/Ma1/ManagementOfSecurity/managementSecuDataDiode/DataDiode/bftpTransmit//georgesrusu;pbkdf2_sha256$36000$0SxiU4csSYPc$ccdeMwwfeimmOIMsmWAmo4x3nR+P5rurZwhN2wxblGU=;True/30:11:2017;BlindFTP_documentation_FR.pdf...
01/12/2017 12:32:02 INFO     Envoi du fichier /Users/georgerusu/Documents/Facultate/Ma1/ManagementOfSecurity/managementSecuDataDiode/DataDiode/bftpTransmit//georgesrusu;pbkdf2_sha256$36000$LZdq9HtOPKVe$XILO5l6IZUHskbTDMyIJ3MweE+RwjK/XDHm/2dczEdI=;True/1:12:2017;BlindFTP_documentation_FR (1).pdf...
01/12/2017 12:32:02 INFO     Envoi du fichier /Users/georgerusu/Documents/Facultate/Ma1/ManagementOfSecurity/managementSecuDataDiode/DataDiode/bftpTransmit//georgesrusu;pbkdf2_sha256$36000$LZdq9HtOPKVe$XILO5l6IZUHskbTDMyIJ3MweE+RwjK/XDHm/2dczEdI=;True/1:12:2017;BlindFTP_documentation_FR.pdf...
01/12/2017 12:32:05 INFO     Envoi du fichier /Users/georgerusu/Documents/Facultate/Ma1/ManagementOfSecurity/managementSecuDataDiode/DataDiode/bftpTransmit//.DS_Store...
01/12/2017 12:32:05 INFO     Envoi du fichier /Users/georgerusu/Documents/Facultate/Ma1/ManagementOfSecurity/managementSecuDataDiode/DataDiode/bftpTransmit//employee;pbkdf2_sha256$36000$crnx20zXxL2S$u35n1wzrvfnQTMOrYPvF8ZLvMaBbOX4pBZIxFw1nB4g=;False/30:11:2017;BlindFTP_documentation_FR.pdf...
01/12/2017 12:32:06 INFO     Envoi du fichier /Users/georgerusu/Documents/Facultate/Ma1/ManagementOfSecurity/managementSecuDataDiode/DataDiode/bftpTransmit//employee;pbkdf2_sha256$36000$crnx20zXxL2S$u35n1wzrvfnQTMOrYPvF8ZLvMaBbOX4pBZIxFw1nB4g=;False/30:11:2017;bootstrap-4.0.0-beta.2-dist (3).zip...
01/12/2017 12:32:06 INFO     Envoi du fichier /Users/georgerusu/Documents/Facultate/Ma1/ManagementOfSecurity/managementSecuDataDiode/DataDiode/bftpTransmit//georgesrusu;pbkdf2_sha256$36000$0SxiU4csSYPc$ccdeMwwfeimmOIMsmWAmo4x3nR+P5rurZwhN2wxblGU=;True/30:11:2017;BlindFTP_documentation_FR.pdf...
01/12/2017 12:32:07 INFO     Envoi du fichier /Users/georgerusu/Documents/Facultate/Ma1/ManagementOfSecurity/managementSecuDataDiode/DataDiode/bftpTransmit//georgesrusu;pbkdf2_sha256$36000$LZdq9HtOPKVe$XILO5l6IZUHskbTDMyIJ3MweE+RwjK/XDHm/2dczEdI=;True/1:12:2017;BlindFTP_documentation_FR (1).pdf...
01/12/2017 12:32:07 INFO     Envoi du fichier /Users/georgerusu/Documents/Facultate/Ma1/ManagementOfSecurity/managementSecuDataDiode/DataDiode/bftpTransmit//georgesrusu;pbkdf2_sha256$36000$LZdq9HtOPKVe$XILO5l6IZUHskbTDMyIJ3MweE+RwjK/XDHm/2dczEdI=;True/1:12:2017;BlindFTP_documentation_FR.pdf...
01/12/2017 12:32:10 INFO     Envoi du fichier /Users/georgerusu/Documents/Facultate/Ma1/ManagementOfSecurity/managementSecuDataDiode/DataDiode/bftpTransmit//georgesrusu;pbkdf2_sha256$36000$LZdq9HtOPKVe$XILO5l6IZUHskbTDMyIJ3MweE+RwjK/XDHm/2dczEdI=;True/1:12:2017;BlindFTP_documentation_FrzerezrzerrzerR.pdf...
01/12/2017 12:32:11 INFO     Envoi du fichier /Users/georgerusu/Documents/Facultate/Ma1/ManagementOfSecurity/managementSecuDataDiode/DataDiode/bftpTransmit//.DS_Store...
01/12/2017 12:32:11 INFO     Envoi du fichier /Users/georgerusu/Documents/Facultate/Ma1/ManagementOfSecurity/managementSecuDataDiode/DataDiode/bftpTransmit//employee;pbkdf2_sha256$36000$crnx20zXxL2S$u35n1wzrvfnQTMOrYPvF8ZLvMaBbOX4pBZIxFw1nB4g=;False/30:11:2017;BlindFTP_documentation_FR.pdf...
01/12/2017 12:32:11 INFO     Envoi du fichier /Users/georgerusu/Documents/Facultate/Ma1/ManagementOfSecurity/managementSecuDataDiode/DataDiode/bftpTransmit//employee;pbkdf2_sha256$36000$crnx20zXxL2S$u35n1wzrvfnQTMOrYPvF8ZLvMaBbOX4pBZIxFw1nB4g=;False/30:11:2017;bootstrap-4.0.0-beta.2-dist (3).zip...
01/12/2017 12:32:12 INFO     Envoi du fichier /Users/georgerusu/Documents/Facultate/Ma1/ManagementOfSecurity/managementSecuDataDiode/DataDiode/bftpTransmit//georgesrusu;pbkdf2_sha256$36000$0SxiU4csSYPc$ccdeMwwfeimmOIMsmWAmo4x3nR+P5rurZwhN2wxblGU=;True/30:11:2017;BlindFTP_documentation_FR.pdf...
01/12/2017 12:32:12 INFO     Envoi du fichier /Users/georgerusu/Documents/Facultate/Ma1/ManagementOfSecurity/managementSecuDataDiode/DataDiode/bftpTransmit//georgesrusu;pbkdf2_sha256$36000$LZdq9HtOPKVe$XILO5l6IZUHskbTDMyIJ3MweE+RwjK/XDHm/2dczEdI=;True/1:12:2017;BlindFTP_documentation_FR (1).pdf...
01/12/2017 12:32:12 INFO     Envoi du fichier /Users/georgerusu/Documents/Facultate/Ma1/ManagementOfSecurity/managementSecuDataDiode/DataDiode/bftpTransmit//georgesrusu;pbkdf2_sha256$36000$LZdq9HtOPKVe$XILO5l6IZUHskbTDMyIJ3MweE+RwjK/XDHm/2dczEdI=;True/1:12:2017;BlindFTP_documentation_FR.pdf...
01/12/2017 12:32:15 INFO     Envoi du fichier /Users/georgerusu/Documents/Facultate/Ma1/ManagementOfSecurity/managementSecuDataDiode/DataDiode/bftpTransmit//georgesrusu;pbkdf2_sha256$36000$LZdq9HtOPKVe$XILO5l6IZUHskbTDMyIJ3MweE+RwjK/XDHm/2dczEdI=;True/1:12:2017;BlindFTP_documentation_FrzerezrzerrzerR.pdf...
01/12/2017 12:32:16 INFO     Envoi du fichier /Users/georgerusu/Documents/Facultate/Ma1/ManagementOfSecurity/managementSecuDataDiode/DataDiode/bftpTransmit//.DS_Store...
01/12/2017 12:32:16 INFO     Envoi du fichier /Users/georgerusu/Documents/Facultate/Ma1/ManagementOfSecurity/managementSecuDataDiode/DataDiode/bftpTransmit//employee;pbkdf2_sha256$36000$crnx20zXxL2S$u35n1wzrvfnQTMOrYPvF8ZLvMaBbOX4pBZIxFw1nB4g=;False/30:11:2017;BlindFTP_documentation_FR.pdf...
01/12/2017 12:32:16 INFO     Envoi du fichier /Users/georgerusu/Documents/Facultate/Ma1/ManagementOfSecurity/managementSecuDataDiode/DataDiode/bftpTransmit//employee;pbkdf2_sha256$36000$crnx20zXxL2S$u35n1wzrvfnQTMOrYPvF8ZLvMaBbOX4pBZIxFw1nB4g=;False/30:11:2017;bootstrap-4.0.0-beta.2-dist (3).zip...
01/12/2017 12:32:17 INFO     Envoi du fichier /Users/georgerusu/Documents/Facultate/Ma1/ManagementOfSecurity/managementSecuDataDiode/DataDiode/bftpTransmit//georgesrusu;pbkdf2_sha256$36000$0SxiU4csSYPc$ccdeMwwfeimmOIMsmWAmo4x3nR+P5rurZwhN2wxblGU=;True/30:11:2017;BlindFTP_documentation_FR.pdf...
01/12/2017 12:32:17 INFO     Envoi du fichier /Users/georgerusu/Documents/Facultate/Ma1/ManagementOfSecurity/managementSecuDataDiode/DataDiode/bftpTransmit//georgesrusu;pbkdf2_sha256$36000$LZdq9HtOPKVe$XILO5l6IZUHskbTDMyIJ3MweE+RwjK/XDHm/2dczEdI=;True/1:12:2017;BlindFTP_documentation_FR (1).pdf...
01/12/2017 12:32:17 INFO     Envoi du fichier /Users/georgerusu/Documents/Facultate/Ma1/ManagementOfSecurity/managementSecuDataDiode/DataDiode/bftpTransmit//georgesrusu;pbkdf2_sha256$36000$LZdq9HtOPKVe$XILO5l6IZUHskbTDMyIJ3MweE+RwjK/XDHm/2dczEdI=;True/1:12:2017;BlindFTP_documentation_FR.pdf...
01/12/2017 12:32:21 INFO     Envoi du fichier /Users/georgerusu/Documents/Facultate/Ma1/ManagementOfSecurity/managementSecuDataDiode/DataDiode/bftpTransmit//georgesrusu;pbkdf2_sha256$36000$LZdq9HtOPKVe$XILO5l6IZUHskbTDMyIJ3MweE+RwjK/XDHm/2dczEdI=;True/1:12:2017;BlindFTP_documentation_FrzerezrzerrzerR.pdf...
01/12/2017 12:32:26 INFO     Envoi du fichier /Users/georgerusu/Documents/Facultate/Ma1/ManagementOfSecurity/managementSecuDataDiode/DataDiode/bftpTransmit//georgesrusu;pbkdf2_sha256$36000$LZdq9HtOPKVe$XILO5l6IZUHskbTDMyIJ3MweE+RwjK/XDHm/2dczEdI=;True/1:12:2017;BlindFTP_documentation_FrzerezrzerrzerR.pdf...
01/12/2017 12:32:31 INFO     Envoi du fichier /Users/georgerusu/Documents/Facultate/Ma1/ManagementOfSecurity/managementSecuDataDiode/DataDiode/bftpTransmit//georgesrusu;pbkdf2_sha256$36000$LZdq9HtOPKVe$XILO5l6IZUHskbTDMyIJ3MweE+RwjK/XDHm/2dczEdI=;True/1:12:2017;BlindFTP_documentation_FrzerezrzerrzerR.pdf...
01/12/2017 12:32:51 INFO     Envoi du fichier /Users/georgerusu/Documents/Facultate/Ma1/ManagementOfSecurity/managementSecuDataDiode/DataDiode/bftpTransmit//georgesrusu;pbkdf2_sha256$36000$LZdq9HtOPKVe$XILO5l6IZUHskbTDMyIJ3MweE+RwjK/XDHm/2dczEdI=;True/1:12:2017;2_risk_analysis_countermeasures.pdf...
01/12/2017 12:32:56 INFO     Envoi du fichier /Users/georgerusu/Documents/Facultate/Ma1/ManagementOfSecurity/managementSecuDataDiode/DataDiode/bftpTransmit//georgesrusu;pbkdf2_sha256$36000$LZdq9HtOPKVe$XILO5l6IZUHskbTDMyIJ3MweE+RwjK/XDHm/2dczEdI=;True/1:12:2017;2_risk_analysis_countermeasures.pdf...
01/12/2017 12:33:01 INFO     Envoi du fichier /Users/georgerusu/Documents/Facultate/Ma1/ManagementOfSecurity/managementSecuDataDiode/DataDiode/bftpTransmit//georgesrusu;pbkdf2_sha256$36000$LZdq9HtOPKVe$XILO5l6IZUHskbTDMyIJ3MweE+RwjK/XDHm/2dczEdI=;True/1:12:2017;2_risk_analysis_countermeasures.pdf...
01/12/2017 12:49:38 INFO     Demarrage de BlindFTP
01/12/2017 12:50:24 INFO     Demarrage de BlindFTP
01/12/2017 13:01:36 INFO     Demarrage de BlindFTP
01/12/2017 13:01:36 INFO     Synchronisation du repertoire "/Users/georgerusu/Documents/Facultate/Ma1/ManagementOfSecurity/managementSecuDataDiode/DataDiode/bftpTransmit/"
01/12/2017 13:01:36 INFO     Envoi du fichier /Users/georgerusu/Documents/Facultate/Ma1/ManagementOfSecurity/managementSecuDataDiode/DataDiode/bftpTransmit//.DS_Store...
01/12/2017 13:01:36 INFO     Envoi du fichier /Users/georgerusu/Documents/Facultate/Ma1/ManagementOfSecurity/managementSecuDataDiode/DataDiode/bftpTransmit//ilias;pbkdf2_sha256$36000$yFpeg7tqXilA$3DYs1sP1laz8Q1sq4gaTA36q+NsGw6U1J+nRcnr5vLU=;True/1:12:2017;BlindFTP_0.37.zip...
01/12/2017 13:01:37 INFO     Envoi du fichier /Users/georgerusu/Documents/Facultate/Ma1/ManagementOfSecurity/managementSecuDataDiode/DataDiode/bftpTransmit//ilias;pbkdf2_sha256$36000$yFpeg7tqXilA$3DYs1sP1laz8Q1sq4gaTA36q+NsGw6U1J+nRcnr5vLU=;True/1:12:2017;BlindFTP_documentation_FRfzefezfze.pdf...
